<?xml version="1.0" encoding="UTF-8"?>
<!-- Generated by org.testng.reporters.JUnitReportReporter -->
<testsuite skipped="0" hostname="Kripal-VAIO" name="com.qatester.app.SeleniumTest2" tests="2" failures="0" timestamp="20 Mar 2019 08:50:26 GMT" time="0.015" errors="0">
  <testcase name="userlogin" time="0.000" classname="com.qatester.app.SeleniumTest2"/>
  <testcase name="Adminlogin" time="0.015" classname="com.qatester.app.SeleniumTest2"/>
</testsuite> <!-- com.qatester.app.SeleniumTest2 -->
